<?xml version="1.0" encoding="UTF-8"?>
<!-- Generated by org.testng.reporters.JUnitXMLReporter -->
<testsuite ignored="10" hostname="Avijeet-Desktop" failures="0" tests="1" name="Default test" time="3.692" errors="0" timestamp="2022-06-21T12:09:40 IST">
  <testcase classname="com.brigdelabz.APITestingWithRestAssured.RestApiTest" name="testgetUserProfile_ShouldReturn_StatusCode200" time="3.633"/>
  <testcase classname="com.brigdelabz.APITestingWithRestAssured.RestApiTest" name="testgetAddItemToPlaylist_ShouldRETURN_StatusCode201" time="0.0">
    <ignored/>
  </testcase> <!-- testgetAddItemToPlaylist_ShouldRETURN_StatusCode201 -->
  <testcase classname="com.brigdelabz.APITestingWithRestAssured.RestApiTest" name="Search_Item" time="0.0">
    <ignored/>
  </testcase> <!-- Search_Item -->
  <testcase classname="com.brigdelabz.APITestingWithRestAssured.RestApiTest" name="testgetUserProfile1_ShouldReturn_StatusCode200" time="0.0">
    <ignored/>
  </testcase> <!-- testgetUserProfile1_ShouldReturn_StatusCode200 -->
  <testcase classname="com.brigdelabz.APITestingWithRestAssured.RestApiTest" name="UpdatePlaylistItems" time="0.0">
    <ignored/>
  </testcase> <!-- UpdatePlaylistItems -->
  <testcase classname="com.brigdelabz.APITestingWithRestAssured.RestApiTest" name="testOf_UpdatePlaylistItem" time="0.0">
    <ignored/>
  </testcase> <!-- testOf_UpdatePlaylistItem -->
  <testcase classname="com.brigdelabz.APITestingWithRestAssured.RestApiTest" name="verifyingUserId" time="0.0">
    <ignored/>
  </testcase> <!-- verifyingUserId -->
  <testcase classname="com.brigdelabz.APITestingWithRestAssured.RestApiTest" name="verifyingPlaylist" time="0.0">
    <ignored/>
  </testcase> <!-- verifyingPlaylist -->
  <testcase classname="com.brigdelabz.APITestingWithRestAssured.RestApiTest" name="additemsToPlaylist" time="0.0">
    <ignored/>
  </testcase> <!-- additemsToPlaylist -->
  <testcase classname="com.brigdelabz.APITestingWithRestAssured.RestApiTest" name="testgetCreatePlaylist_ShouldReturn_StatusCode201" time="0.0">
    <ignored/>
  </testcase> <!-- testgetCreatePlaylist_ShouldReturn_StatusCode201 -->
  <testcase classname="com.brigdelabz.APITestingWithRestAssured.RestApiTest" name="testgetTrack_ShouldReturn_StatusCode200" time="0.0">
    <ignored/>
  </testcase> <!-- testgetTrack_ShouldReturn_StatusCode200 -->
</testsuite> <!-- Default test -->
