<?xml version="1.0" encoding="UTF-8"?>
<testng-results ignored="10" total="11" passed="1" failed="0" skipped="0">
  <reporter-output>
  </reporter-output>
  <suite started-at="2022-06-21T12:09:36 IST" name="Default suite" finished-at="2022-06-21T12:09:40 IST" duration-ms="3692">
    <groups>
    </groups>
    <test started-at="2022-06-21T12:09:36 IST" name="Default test" finished-at="2022-06-21T12:09:40 IST" duration-ms="3692">
      <class name="com.brigdelabz.APITestingWithRestAssured.RestApiTest">
        <test-method signature="testgetUserProfile_ShouldReturn_StatusCode200()[pri:0, instance:com.brigdelabz.APITestingWithRestAssured.RestApiTest@363ee3a2]" started-at="2022-06-21T12:09:37 IST" name="testgetUserProfile_ShouldReturn_StatusCode200" finished-at="2022-06-21T12:09:40 IST" duration-ms="3633" status="PASS">
          <reporter-output>
          </reporter-output>
        </test-method> <!-- testgetUserProfile_ShouldReturn_StatusCode200 -->
      </class> <!-- com.brigdelabz.APITestingWithRestAssured.RestApiTest -->
    </test> <!-- Default test -->
  </suite> <!-- Default suite -->
</testng-results>
